Case 1: RUSSIAN
Case 2: GERMAN
Case 3: UNKNOWN
Case 4: ENGLISH
Case 5: SPANISH
Case 6: ITALIAN
Case 7: FRENCH
Case 8: UNKNOWN
Case 9: UNKNOWN
Case 10: UNKNOWN
Case 11: FRENCH
Case 12: RUSSIAN
Case 13: FRENCH
Case 14: RUSSIAN
Case 15: RUSSIAN
Case 16: FRENCH
Case 17: GERMAN
Case 18: GERMAN
Case 19: SPANISH
Case 20: ENGLISH
Case 21: UNKNOWN
Case 22: GERMAN
Case 23: SPANISH
Case 24: UNKNOWN
Case 25: ENGLISH
Case 26: UNKNOWN
Case 27: ENGLISH
Case 28: RUSSIAN
Case 29: FRENCH
Case 30: ENGLISH
Case 31: FRENCH
Case 32: ENGLISH
Case 33: ITALIAN
Case 34: GERMAN
Case 35: ENGLISH
Case 36: ITALIAN
Case 37: UNKNOWN
Case 38: ENGLISH
Case 39: ITALIAN
Case 40: SPANISH
Case 41: FRENCH
Case 42: ITALIAN
Case 43: RUSSIAN
Case 44: ENGLISH
Case 45: FRENCH
Case 46: UNKNOWN
Case 47: ENGLISH
Case 48: FRENCH
Case 49: UNKNOWN
Case 50: RUSSIAN
Case 51: UNKNOWN
Case 52: RUSSIAN
Case 53: FRENCH
Case 54: RUSSIAN
Case 55: ENGLISH
Case 56: GERMAN
Case 57: SPANISH
Case 58: SPANISH
Case 59: SPANISH
Case 60: UNKNOWN
Case 61: ITALIAN
Case 62: ENGLISH
Case 63: ENGLISH
Case 64: UNKNOWN
Case 65: FRENCH
Case 66: SPANISH
Case 67: GERMAN
Case 68: ITALIAN
Case 69: FRENCH
Case 70: RUSSIAN
Case 71: SPANISH
Case 72: SPANISH
Case 73: ITALIAN
Case 74: UNKNOWN
Case 75: GERMAN
Case 76: ITALIAN
Case 77: ITALIAN
Case 78: GERMAN
Case 79: SPANISH
Case 80: UNKNOWN
Case 81: ENGLISH
Case 82: GERMAN
Case 83: ENGLISH
Case 84: ITALIAN
Case 85: ITALIAN
Case 86: SPANISH
Case 87: GERMAN
Case 88: UNKNOWN
Case 89: ITALIAN
Case 90: ENGLISH
Case 91: SPANISH
Case 92: GERMAN
Case 93: ENGLISH
Case 94: ITALIAN
Case 95: GERMAN
Case 96: ITALIAN
Case 97: RUSSIAN
Case 98: GERMAN
Case 99: FRENCH
Case 100: GERMAN
Case 101: UNKNOWN
Case 102: SPANISH
Case 103: RUSSIAN
Case 104: UNKNOWN
Case 105: SPANISH
Case 106: ITALIAN
Case 107: ITALIAN
Case 108: UNKNOWN
Case 109: SPANISH
Case 110: SPANISH
Case 111: ENGLISH
Case 112: GERMAN
Case 113: ITALIAN
Case 114: UNKNOWN
Case 115: ITALIAN
Case 116: RUSSIAN
Case 117: FRENCH
Case 118: ITALIAN
Case 119: GERMAN
Case 120: UNKNOWN
Case 121: ITALIAN
Case 122: ITALIAN
Case 123: SPANISH
Case 124: ITALIAN
Case 125: ENGLISH
Case 126: ENGLISH
Case 127: FRENCH
Case 128: FRENCH
Case 129: UNKNOWN
Case 130: ENGLISH
Case 131: RUSSIAN
Case 132: ENGLISH
Case 133: ITALIAN
Case 134: ITALIAN
Case 135: ENGLISH
Case 136: ITALIAN
Case 137: SPANISH
Case 138: SPANISH
Case 139: SPANISH
Case 140: FRENCH
Case 141: SPANISH
Case 142: ENGLISH
Case 143: ITALIAN
Case 144: SPANISH
Case 145: SPANISH
Case 146: ENGLISH
Case 147: GERMAN
Case 148: SPANISH
Case 149: ENGLISH
Case 150: SPANISH
Case 151: UNKNOWN
Case 152: GERMAN
Case 153: SPANISH
Case 154: ITALIAN
Case 155: ITALIAN
Case 156: ENGLISH
Case 157: UNKNOWN
Case 158: SPANISH
Case 159: UNKNOWN
Case 160: GERMAN
Case 161: UNKNOWN
Case 162: UNKNOWN
Case 163: SPANISH
Case 164: ENGLISH
Case 165: SPANISH
Case 166: ITALIAN
Case 167: UNKNOWN
Case 168: FRENCH
Case 169: ENGLISH
Case 170: SPANISH
Case 171: UNKNOWN
Case 172: UNKNOWN
Case 173: ITALIAN
Case 174: ITALIAN
Case 175: UNKNOWN
Case 176: GERMAN
Case 177: GERMAN
Case 178: ENGLISH
Case 179: RUSSIAN
Case 180: ITALIAN
Case 181: FRENCH
Case 182: RUSSIAN
Case 183: SPANISH
Case 184: UNKNOWN
Case 185: ITALIAN
Case 186: FRENCH
Case 187: RUSSIAN
Case 188: GERMAN
Case 189: SPANISH
Case 190: FRENCH
Case 191: GERMAN
Case 192: FRENCH
Case 193: ITALIAN
Case 194: UNKNOWN
Case 195: ITALIAN
Case 196: UNKNOWN
Case 197: GERMAN
Case 198: SPANISH
Case 199: SPANISH
Case 200: ITALIAN
Case 201: FRENCH
Case 202: SPANISH
Case 203: ITALIAN
Case 204: UNKNOWN
Case 205: UNKNOWN
Case 206: GERMAN
Case 207: ITALIAN
Case 208: RUSSIAN
Case 209: GERMAN
Case 210: UNKNOWN
Case 211: FRENCH
Case 212: RUSSIAN
Case 213: ENGLISH
Case 214: UNKNOWN
Case 215: GERMAN
Case 216: FRENCH
Case 217: SPANISH
Case 218: ITALIAN
Case 219: ENGLISH
Case 220: UNKNOWN
Case 221: RUSSIAN
Case 222: ITALIAN
Case 223: ITALIAN
Case 224: RUSSIAN
Case 225: FRENCH
Case 226: RUSSIAN
Case 227: ENGLISH
Case 228: ITALIAN
Case 229: SPANISH
Case 230: FRENCH
Case 231: UNKNOWN
Case 232: RUSSIAN
Case 233: RUSSIAN
Case 234: UNKNOWN
Case 235: FRENCH
Case 236: ENGLISH
Case 237: RUSSIAN
Case 238: UNKNOWN
Case 239: RUSSIAN
Case 240: RUSSIAN
Case 241: UNKNOWN
Case 242: SPANISH
Case 243: ITALIAN
Case 244: SPANISH
Case 245: FRENCH
Case 246: ITALIAN
Case 247: SPANISH
Case 248: GERMAN
Case 249: ITALIAN
Case 250: RUSSIAN
Case 251: GERMAN
Case 252: ITALIAN
Case 253: FRENCH
Case 254: ITALIAN
Case 255: SPANISH
Case 256: ITALIAN
Case 257: RUSSIAN
Case 258: GERMAN
Case 259: ENGLISH
Case 260: FRENCH
Case 261: FRENCH
Case 262: GERMAN
Case 263: ENGLISH
Case 264: SPANISH
Case 265: RUSSIAN
Case 266: ITALIAN
Case 267: UNKNOWN
Case 268: GERMAN
Case 269: SPANISH
Case 270: GERMAN
Case 271: FRENCH
Case 272: UNKNOWN
Case 273: FRENCH
Case 274: RUSSIAN
Case 275: FRENCH
Case 276: ENGLISH
Case 277: ITALIAN
Case 278: ENGLISH
Case 279: SPANISH
Case 280: FRENCH
Case 281: ENGLISH
Case 282: ITALIAN
Case 283: ITALIAN
Case 284: ENGLISH
Case 285: UNKNOWN
Case 286: UNKNOWN
Case 287: UNKNOWN
Case 288: SPANISH
Case 289: ENGLISH
Case 290: ENGLISH
Case 291: SPANISH
Case 292: RUSSIAN
Case 293: ITALIAN
Case 294: SPANISH
Case 295: ITALIAN
Case 296: SPANISH
Case 297: FRENCH
Case 298: UNKNOWN
Case 299: RUSSIAN
Case 300: ENGLISH
Case 301: RUSSIAN
Case 302: FRENCH
Case 303: RUSSIAN
Case 304: ITALIAN
Case 305: ITALIAN
Case 306: UNKNOWN
Case 307: ITALIAN
Case 308: RUSSIAN
Case 309: ITALIAN
Case 310: ENGLISH
Case 311: ITALIAN
Case 312: ITALIAN
Case 313: SPANISH
Case 314: GERMAN
Case 315: RUSSIAN
Case 316: FRENCH
Case 317: RUSSIAN
Case 318: RUSSIAN
Case 319: FRENCH
Case 320: UNKNOWN
Case 321: FRENCH
Case 322: ENGLISH
Case 323: ENGLISH
Case 324: RUSSIAN
Case 325: SPANISH
Case 326: SPANISH
Case 327: SPANISH
Case 328: SPANISH
Case 329: FRENCH
Case 330: ITALIAN
Case 331: ENGLISH
Case 332: ENGLISH
Case 333: ITALIAN
Case 334: ITALIAN
Case 335: SPANISH
Case 336: UNKNOWN
Case 337: UNKNOWN
Case 338: GERMAN
Case 339: GERMAN
Case 340: FRENCH
Case 341: UNKNOWN
Case 342: FRENCH
Case 343: FRENCH
Case 344: RUSSIAN
Case 345: GERMAN
Case 346: SPANISH
Case 347: FRENCH
Case 348: GERMAN
Case 349: ITALIAN
Case 350: ENGLISH
Case 351: SPANISH
Case 352: FRENCH
Case 353: SPANISH
Case 354: ENGLISH
Case 355: GERMAN
Case 356: SPANISH
Case 357: RUSSIAN
Case 358: UNKNOWN
Case 359: ITALIAN
Case 360: ITALIAN
Case 361: RUSSIAN
Case 362: UNKNOWN
Case 363: ENGLISH
Case 364: ITALIAN
Case 365: ENGLISH
Case 366: ENGLISH
Case 367: UNKNOWN
Case 368: SPANISH
Case 369: FRENCH
Case 370: SPANISH
Case 371: UNKNOWN
Case 372: FRENCH
Case 373: RUSSIAN
Case 374: UNKNOWN
Case 375: ITALIAN
Case 376: SPANISH
Case 377: SPANISH
Case 378: RUSSIAN
Case 379: RUSSIAN
Case 380: RUSSIAN
Case 381: SPANISH
Case 382: RUSSIAN
Case 383: ENGLISH
Case 384: RUSSIAN
Case 385: SPANISH
Case 386: ITALIAN
Case 387: ENGLISH
Case 388: UNKNOWN
Case 389: ITALIAN
Case 390: GERMAN
Case 391: ENGLISH
Case 392: FRENCH
Case 393: GERMAN
Case 394: ITALIAN
Case 395: RUSSIAN
Case 396: FRENCH
Case 397: ENGLISH
Case 398: ENGLISH
Case 399: ENGLISH
Case 400: ITALIAN
Case 401: FRENCH
Case 402: ENGLISH
Case 403: GERMAN
Case 404: GERMAN
Case 405: SPANISH
Case 406: ITALIAN
Case 407: UNKNOWN
Case 408: ITALIAN
Case 409: FRENCH
Case 410: UNKNOWN
Case 411: UNKNOWN
Case 412: RUSSIAN
Case 413: SPANISH
Case 414: SPANISH
Case 415: RUSSIAN
Case 416: SPANISH
Case 417: RUSSIAN
Case 418: ITALIAN
Case 419: FRENCH
Case 420: ENGLISH
Case 421: UNKNOWN
Case 422: ENGLISH
Case 423: GERMAN
Case 424: RUSSIAN
Case 425: SPANISH
Case 426: RUSSIAN
Case 427: GERMAN
Case 428: SPANISH
Case 429: UNKNOWN
Case 430: FRENCH
Case 431: SPANISH
Case 432: FRENCH
Case 433: FRENCH
Case 434: SPANISH
Case 435: RUSSIAN
Case 436: ITALIAN
Case 437: FRENCH
Case 438: UNKNOWN
Case 439: UNKNOWN
Case 440: FRENCH
Case 441: FRENCH
Case 442: GERMAN
Case 443: ITALIAN
Case 444: FRENCH
Case 445: RUSSIAN
Case 446: ENGLISH
Case 447: GERMAN
Case 448: SPANISH
Case 449: UNKNOWN
Case 450: FRENCH
Case 451: GERMAN
Case 452: ENGLISH
Case 453: ENGLISH
Case 454: SPANISH
Case 455: ENGLISH
Case 456: GERMAN
Case 457: SPANISH
Case 458: GERMAN
Case 459: UNKNOWN
Case 460: RUSSIAN
Case 461: SPANISH
Case 462: RUSSIAN
Case 463: RUSSIAN
Case 464: FRENCH
Case 465: ITALIAN
Case 466: SPANISH
Case 467: GERMAN
Case 468: ITALIAN
Case 469: RUSSIAN
Case 470: UNKNOWN
Case 471: GERMAN
Case 472: ITALIAN
Case 473: RUSSIAN
Case 474: UNKNOWN
Case 475: UNKNOWN
Case 476: GERMAN
Case 477: SPANISH
Case 478: UNKNOWN
Case 479: SPANISH
Case 480: UNKNOWN
Case 481: UNKNOWN
Case 482: GERMAN
Case 483: SPANISH
Case 484: SPANISH
Case 485: UNKNOWN
Case 486: SPANISH
Case 487: SPANISH
Case 488: SPANISH
Case 489: ITALIAN
Case 490: ITALIAN
Case 491: UNKNOWN
Case 492: RUSSIAN
Case 493: FRENCH
Case 494: FRENCH
Case 495: GERMAN
Case 496: UNKNOWN
Case 497: ENGLISH
Case 498: ITALIAN
Case 499: RUSSIAN
Case 500: ITALIAN
Case 501: RUSSIAN
Case 502: FRENCH
Case 503: ITALIAN
Case 504: SPANISH
Case 505: ENGLISH
Case 506: UNKNOWN
Case 507: FRENCH
Case 508: RUSSIAN
Case 509: UNKNOWN
Case 510: ITALIAN
Case 511: GERMAN
Case 512: SPANISH
Case 513: ENGLISH
Case 514: UNKNOWN
Case 515: RUSSIAN
Case 516: ENGLISH
Case 517: FRENCH
Case 518: GERMAN
Case 519: ENGLISH
Case 520: ITALIAN
Case 521: SPANISH
Case 522: SPANISH
Case 523: FRENCH
Case 524: ENGLISH
Case 525: UNKNOWN
Case 526: ITALIAN
Case 527: ITALIAN
Case 528: ITALIAN
Case 529: ITALIAN
Case 530: SPANISH
Case 531: UNKNOWN
Case 532: ENGLISH
Case 533: RUSSIAN
Case 534: ENGLISH
Case 535: GERMAN
Case 536: UNKNOWN
Case 537: RUSSIAN
Case 538: ITALIAN
Case 539: RUSSIAN
Case 540: GERMAN
Case 541: SPANISH
Case 542: RUSSIAN
Case 543: SPANISH
Case 544: GERMAN
Case 545: RUSSIAN
Case 546: ITALIAN
Case 547: ITALIAN
Case 548: SPANISH
Case 549: RUSSIAN
Case 550: RUSSIAN
Case 551: SPANISH
Case 552: FRENCH
Case 553: FRENCH
Case 554: UNKNOWN
Case 555: GERMAN
Case 556: GERMAN
Case 557: GERMAN
Case 558: GERMAN
Case 559: UNKNOWN
Case 560: ENGLISH
Case 561: ENGLISH
Case 562: UNKNOWN
Case 563: FRENCH
Case 564: UNKNOWN
Case 565: ITALIAN
Case 566: FRENCH
Case 567: FRENCH
Case 568: FRENCH
Case 569: SPANISH
Case 570: ENGLISH
Case 571: ITALIAN
Case 572: SPANISH
Case 573: ENGLISH
Case 574: ITALIAN
Case 575: SPANISH
Case 576: ENGLISH
Case 577: FRENCH
Case 578: GERMAN
Case 579: SPANISH
Case 580: UNKNOWN
Case 581: ENGLISH
Case 582: ENGLISH
Case 583: ENGLISH
Case 584: ENGLISH
Case 585: RUSSIAN
Case 586: SPANISH
Case 587: ITALIAN
Case 588: ENGLISH
Case 589: GERMAN
Case 590: FRENCH
Case 591: RUSSIAN
Case 592: GERMAN
Case 593: UNKNOWN
Case 594: RUSSIAN
Case 595: UNKNOWN
Case 596: UNKNOWN
Case 597: ITALIAN
Case 598: ITALIAN
Case 599: ENGLISH
Case 600: UNKNOWN
Case 601: ENGLISH
Case 602: ENGLISH
Case 603: SPANISH
Case 604: ENGLISH
Case 605: SPANISH
Case 606: GERMAN
Case 607: GERMAN
Case 608: UNKNOWN
Case 609: RUSSIAN
Case 610: FRENCH
Case 611: GERMAN
Case 612: RUSSIAN
Case 613: ENGLISH
Case 614: GERMAN
Case 615: UNKNOWN
Case 616: GERMAN
Case 617: ITALIAN
Case 618: UNKNOWN
Case 619: UNKNOWN
Case 620: UNKNOWN
Case 621: SPANISH
Case 622: RUSSIAN
Case 623: GERMAN
Case 624: SPANISH
Case 625: GERMAN
Case 626: ENGLISH
Case 627: RUSSIAN
Case 628: GERMAN
Case 629: ENGLISH
Case 630: RUSSIAN
Case 631: FRENCH
Case 632: SPANISH
Case 633: ITALIAN
Case 634: SPANISH
Case 635: FRENCH
Case 636: SPANISH
Case 637: ITALIAN
Case 638: FRENCH
Case 639: GERMAN
Case 640: UNKNOWN
Case 641: UNKNOWN
Case 642: RUSSIAN
Case 643: ITALIAN
Case 644: ITALIAN
Case 645: FRENCH
Case 646: FRENCH
Case 647: RUSSIAN
Case 648: ENGLISH
Case 649: FRENCH
Case 650: SPANISH
Case 651: ITALIAN
Case 652: GERMAN
Case 653: ENGLISH
Case 654: SPANISH
Case 655: ITALIAN
Case 656: FRENCH
Case 657: RUSSIAN
Case 658: UNKNOWN
Case 659: ENGLISH
Case 660: GERMAN
Case 661: GERMAN
Case 662: RUSSIAN
Case 663: ENGLISH
Case 664: RUSSIAN
Case 665: GERMAN
Case 666: SPANISH
Case 667: FRENCH
Case 668: ENGLISH
Case 669: ENGLISH
Case 670: ITALIAN
Case 671: RUSSIAN
Case 672: FRENCH
Case 673: FRENCH
Case 674: UNKNOWN
Case 675: ENGLISH
Case 676: GERMAN
Case 677: GERMAN
Case 678: FRENCH
Case 679: FRENCH
Case 680: ITALIAN
Case 681: UNKNOWN
Case 682: UNKNOWN
Case 683: ITALIAN
Case 684: SPANISH
Case 685: RUSSIAN
Case 686: UNKNOWN
Case 687: FRENCH
Case 688: ITALIAN
Case 689: ENGLISH
Case 690: ENGLISH
Case 691: GERMAN
Case 692: ITALIAN
Case 693: SPANISH
Case 694: FRENCH
Case 695: UNKNOWN
Case 696: SPANISH
Case 697: GERMAN
Case 698: SPANISH
Case 699: ITALIAN
Case 700: GERMAN
Case 701: SPANISH
Case 702: SPANISH
Case 703: ENGLISH
Case 704: SPANISH
Case 705: UNKNOWN
Case 706: GERMAN
Case 707: ITALIAN
Case 708: RUSSIAN
Case 709: SPANISH
Case 710: UNKNOWN
Case 711: FRENCH
Case 712: ITALIAN
Case 713: ENGLISH
Case 714: RUSSIAN
Case 715: UNKNOWN
Case 716: SPANISH
Case 717: ITALIAN
Case 718: UNKNOWN
Case 719: RUSSIAN
Case 720: SPANISH
Case 721: ITALIAN
Case 722: SPANISH
Case 723: FRENCH
Case 724: UNKNOWN
Case 725: FRENCH
Case 726: SPANISH
Case 727: SPANISH
Case 728: UNKNOWN
Case 729: UNKNOWN
Case 730: ENGLISH
Case 731: ITALIAN
Case 732: FRENCH
Case 733: FRENCH
Case 734: FRENCH
Case 735: RUSSIAN
Case 736: GERMAN
Case 737: SPANISH
Case 738: SPANISH
Case 739: ENGLISH
Case 740: ENGLISH
Case 741: GERMAN
Case 742: RUSSIAN
Case 743: SPANISH
Case 744: ITALIAN
Case 745: UNKNOWN
Case 746: SPANISH
Case 747: RUSSIAN
Case 748: ENGLISH
Case 749: SPANISH
Case 750: ENGLISH
Case 751: UNKNOWN
Case 752: FRENCH
Case 753: FRENCH
Case 754: ITALIAN
Case 755: UNKNOWN
Case 756: FRENCH
Case 757: GERMAN
Case 758: RUSSIAN
Case 759: ENGLISH
Case 760: GERMAN
Case 761: RUSSIAN
Case 762: SPANISH
Case 763: SPANISH
Case 764: ITALIAN
Case 765: UNKNOWN
Case 766: UNKNOWN
Case 767: SPANISH
Case 768: FRENCH
Case 769: GERMAN
Case 770: GERMAN
Case 771: FRENCH
Case 772: ENGLISH
Case 773: GERMAN
Case 774: GERMAN
Case 775: FRENCH
Case 776: RUSSIAN
Case 777: SPANISH
Case 778: SPANISH
Case 779: ITALIAN
Case 780: FRENCH
Case 781: SPANISH
Case 782: UNKNOWN
Case 783: SPANISH
Case 784: FRENCH
Case 785: ENGLISH
Case 786: RUSSIAN
Case 787: GERMAN
Case 788: SPANISH
Case 789: ITALIAN
Case 790: SPANISH
Case 791: UNKNOWN
Case 792: UNKNOWN
Case 793: GERMAN
Case 794: GERMAN
Case 795: FRENCH
Case 796: FRENCH
Case 797: GERMAN
Case 798: FRENCH
Case 799: ITALIAN
Case 800: FRENCH
Case 801: GERMAN
Case 802: UNKNOWN
Case 803: ITALIAN
Case 804: ENGLISH
Case 805: ITALIAN
Case 806: SPANISH
Case 807: FRENCH
Case 808: RUSSIAN
Case 809: ITALIAN
Case 810: SPANISH
Case 811: ITALIAN
Case 812: GERMAN
Case 813: FRENCH
Case 814: GERMAN
Case 815: ITALIAN
Case 816: SPANISH
Case 817: FRENCH
Case 818: GERMAN
Case 819: ITALIAN
Case 820: ENGLISH
Case 821: UNKNOWN
Case 822: ITALIAN
Case 823: ITALIAN
Case 824: RUSSIAN
Case 825: GERMAN
Case 826: SPANISH
Case 827: FRENCH
Case 828: ENGLISH
Case 829: UNKNOWN
Case 830: SPANISH
Case 831: FRENCH
Case 832: ENGLISH
Case 833: UNKNOWN
Case 834: UNKNOWN
Case 835: ITALIAN
Case 836: FRENCH
Case 837: ITALIAN
Case 838: FRENCH
Case 839: GERMAN
Case 840: RUSSIAN
Case 841: UNKNOWN
Case 842: ITALIAN
Case 843: FRENCH
Case 844: GERMAN
Case 845: ITALIAN
Case 846: ENGLISH
Case 847: RUSSIAN
Case 848: GERMAN
Case 849: UNKNOWN
Case 850: ITALIAN
Case 851: ENGLISH
Case 852: RUSSIAN
Case 853: SPANISH
Case 854: FRENCH
Case 855: RUSSIAN
Case 856: ITALIAN
Case 857: UNKNOWN
Case 858: SPANISH
Case 859: SPANISH
Case 860: RUSSIAN
Case 861: UNKNOWN
Case 862: FRENCH
Case 863: ENGLISH
Case 864: ENGLISH
Case 865: UNKNOWN
Case 866: SPANISH
Case 867: FRENCH
Case 868: GERMAN
Case 869: GERMAN
Case 870: FRENCH
Case 871: GERMAN
Case 872: FRENCH
Case 873: UNKNOWN
Case 874: RUSSIAN
Case 875: UNKNOWN
Case 876: RUSSIAN
Case 877: FRENCH
Case 878: RUSSIAN
Case 879: SPANISH
Case 880: ITALIAN
Case 881: SPANISH
Case 882: ENGLISH
Case 883: FRENCH
Case 884: RUSSIAN
Case 885: FRENCH
Case 886: ITALIAN
Case 887: SPANISH
Case 888: FRENCH
Case 889: FRENCH
Case 890: SPANISH
Case 891: ITALIAN
Case 892: UNKNOWN
Case 893: RUSSIAN
Case 894: ITALIAN
Case 895: SPANISH
Case 896: RUSSIAN
Case 897: RUSSIAN
Case 898: RUSSIAN
Case 899: RUSSIAN
Case 900: RUSSIAN
Case 901: UNKNOWN
Case 902: SPANISH
Case 903: ITALIAN
Case 904: UNKNOWN
Case 905: ENGLISH
Case 906: SPANISH
Case 907: SPANISH
Case 908: GERMAN
Case 909: ENGLISH
Case 910: ITALIAN
Case 911: RUSSIAN
Case 912: SPANISH
Case 913: UNKNOWN
Case 914: SPANISH
Case 915: UNKNOWN
Case 916: UNKNOWN
Case 917: UNKNOWN
Case 918: SPANISH
Case 919: UNKNOWN
Case 920: RUSSIAN
Case 921: SPANISH
Case 922: SPANISH
Case 923: ITALIAN
Case 924: ENGLISH
Case 925: UNKNOWN
Case 926: UNKNOWN
Case 927: GERMAN
Case 928: SPANISH
Case 929: ITALIAN
Case 930: FRENCH
Case 931: GERMAN
Case 932: RUSSIAN
Case 933: FRENCH
Case 934: ITALIAN
Case 935: GERMAN
Case 936: FRENCH
Case 937: UNKNOWN
Case 938: UNKNOWN
Case 939: FRENCH
Case 940: SPANISH
Case 941: UNKNOWN
Case 942: ENGLISH
Case 943: GERMAN
Case 944: FRENCH
Case 945: UNKNOWN
Case 946: RUSSIAN
Case 947: ENGLISH
Case 948: GERMAN
Case 949: ENGLISH
Case 950: UNKNOWN
Case 951: GERMAN
Case 952: SPANISH
Case 953: ENGLISH
Case 954: ITALIAN
Case 955: ENGLISH
Case 956: SPANISH
Case 957: SPANISH
Case 958: GERMAN
Case 959: RUSSIAN
Case 960: UNKNOWN
Case 961: GERMAN
Case 962: RUSSIAN
Case 963: SPANISH
Case 964: RUSSIAN
Case 965: RUSSIAN
Case 966: FRENCH
Case 967: ITALIAN
Case 968: FRENCH
Case 969: ITALIAN
Case 970: ITALIAN
Case 971: UNKNOWN
Case 972: ENGLISH
Case 973: ENGLISH
Case 974: ENGLISH
Case 975: ITALIAN
Case 976: GERMAN
Case 977: GERMAN
Case 978: ENGLISH
Case 979: ITALIAN
Case 980: ENGLISH
Case 981: GERMAN
Case 982: SPANISH
Case 983: ENGLISH
Case 984: UNKNOWN
Case 985: SPANISH
Case 986: SPANISH
Case 987: UNKNOWN
Case 988: GERMAN
Case 989: ITALIAN
Case 990: ITALIAN
Case 991: GERMAN
Case 992: SPANISH
Case 993: RUSSIAN
Case 994: SPANISH
Case 995: UNKNOWN
Case 996: FRENCH
Case 997: ENGLISH
Case 998: RUSSIAN
Case 999: FRENCH
Case 1000: GERMAN
Case 1001: ENGLISH
Case 1002: FRENCH
Case 1003: SPANISH
Case 1004: ENGLISH
Case 1005: ITALIAN
Case 1006: SPANISH
Case 1007: ITALIAN
Case 1008: ITALIAN
Case 1009: GERMAN
Case 1010: ENGLISH
Case 1011: RUSSIAN
Case 1012: UNKNOWN
Case 1013: FRENCH
Case 1014: ITALIAN
Case 1015: FRENCH
Case 1016: SPANISH
Case 1017: UNKNOWN
Case 1018: FRENCH
Case 1019: RUSSIAN
Case 1020: SPANISH
Case 1021: FRENCH
Case 1022: UNKNOWN
Case 1023: GERMAN
Case 1024: FRENCH
Case 1025: ITALIAN
Case 1026: ITALIAN
Case 1027: ENGLISH
Case 1028: FRENCH
Case 1029: UNKNOWN
Case 1030: GERMAN
Case 1031: ENGLISH
Case 1032: GERMAN
Case 1033: ITALIAN
Case 1034: FRENCH
Case 1035: ENGLISH
Case 1036: UNKNOWN
Case 1037: RUSSIAN
Case 1038: SPANISH
Case 1039: ENGLISH
Case 1040: RUSSIAN
Case 1041: UNKNOWN
Case 1042: SPANISH
Case 1043: FRENCH
Case 1044: ITALIAN
Case 1045: FRENCH
Case 1046: SPANISH
Case 1047: SPANISH
Case 1048: UNKNOWN
Case 1049: RUSSIAN
Case 1050: RUSSIAN
Case 1051: UNKNOWN
Case 1052: ENGLISH
Case 1053: SPANISH
Case 1054: ENGLISH
Case 1055: ENGLISH
Case 1056: UNKNOWN
Case 1057: ITALIAN
Case 1058: ENGLISH
Case 1059: FRENCH
Case 1060: SPANISH
Case 1061: UNKNOWN
Case 1062: RUSSIAN
Case 1063: GERMAN
Case 1064: ITALIAN
Case 1065: ITALIAN
Case 1066: ENGLISH
Case 1067: RUSSIAN
Case 1068: GERMAN
Case 1069: FRENCH
Case 1070: ENGLISH
Case 1071: FRENCH
Case 1072: RUSSIAN
Case 1073: SPANISH
Case 1074: ITALIAN
Case 1075: RUSSIAN
Case 1076: ITALIAN
Case 1077: UNKNOWN
Case 1078: ITALIAN
Case 1079: SPANISH
Case 1080: RUSSIAN
Case 1081: FRENCH
Case 1082: GERMAN
Case 1083: ITALIAN
Case 1084: SPANISH
Case 1085: GERMAN
Case 1086: ITALIAN
Case 1087: ITALIAN
Case 1088: RUSSIAN
Case 1089: RUSSIAN
Case 1090: FRENCH
Case 1091: FRENCH
Case 1092: UNKNOWN
Case 1093: ENGLISH
Case 1094: ENGLISH
Case 1095: FRENCH
Case 1096: FRENCH
Case 1097: GERMAN
Case 1098: ENGLISH
Case 1099: ITALIAN
Case 1100: SPANISH
Case 1101: ITALIAN
Case 1102: UNKNOWN
Case 1103: ENGLISH
Case 1104: FRENCH
Case 1105: ENGLISH
Case 1106: RUSSIAN
Case 1107: ENGLISH
Case 1108: ENGLISH
Case 1109: UNKNOWN
Case 1110: UNKNOWN
Case 1111: ITALIAN
Case 1112: ENGLISH
Case 1113: FRENCH
Case 1114: UNKNOWN
Case 1115: SPANISH
Case 1116: RUSSIAN
Case 1117: ENGLISH
Case 1118: ITALIAN
Case 1119: RUSSIAN
Case 1120: ENGLISH
Case 1121: FRENCH
Case 1122: UNKNOWN
Case 1123: RUSSIAN
Case 1124: SPANISH
Case 1125: FRENCH
Case 1126: GERMAN
Case 1127: FRENCH
Case 1128: ENGLISH
Case 1129: UNKNOWN
Case 1130: ENGLISH
Case 1131: UNKNOWN
Case 1132: FRENCH
Case 1133: ENGLISH
Case 1134: FRENCH
Case 1135: FRENCH
Case 1136: FRENCH
Case 1137: RUSSIAN
Case 1138: ITALIAN
Case 1139: ITALIAN
Case 1140: UNKNOWN
Case 1141: FRENCH
Case 1142: GERMAN
Case 1143: GERMAN
Case 1144: ENGLISH
Case 1145: FRENCH
Case 1146: UNKNOWN
Case 1147: ITALIAN
Case 1148: UNKNOWN
Case 1149: GERMAN
Case 1150: SPANISH
Case 1151: UNKNOWN
Case 1152: RUSSIAN
Case 1153: UNKNOWN
Case 1154: ENGLISH
Case 1155: GERMAN
Case 1156: RUSSIAN
Case 1157: GERMAN
Case 1158: SPANISH
Case 1159: SPANISH
Case 1160: SPANISH
Case 1161: SPANISH
Case 1162: RUSSIAN
Case 1163: SPANISH
Case 1164: ENGLISH
Case 1165: GERMAN
Case 1166: RUSSIAN
Case 1167: UNKNOWN
Case 1168: FRENCH
Case 1169: ENGLISH
Case 1170: FRENCH
Case 1171: GERMAN
Case 1172: RUSSIAN
Case 1173: FRENCH
Case 1174: ITALIAN
Case 1175: SPANISH
Case 1176: GERMAN
Case 1177: UNKNOWN
Case 1178: ENGLISH
Case 1179: FRENCH
Case 1180: GERMAN
Case 1181: ITALIAN
Case 1182: UNKNOWN
Case 1183: UNKNOWN
Case 1184: ITALIAN
Case 1185: GERMAN
Case 1186: RUSSIAN
Case 1187: ENGLISH
Case 1188: SPANISH
Case 1189: ITALIAN
Case 1190: ENGLISH
Case 1191: UNKNOWN
Case 1192: FRENCH
Case 1193: ENGLISH
Case 1194: UNKNOWN
Case 1195: RUSSIAN
Case 1196: SPANISH
Case 1197: SPANISH
Case 1198: SPANISH
Case 1199: GERMAN
Case 1200: ITALIAN
Case 1201: FRENCH
Case 1202: RUSSIAN
Case 1203: GERMAN
Case 1204: GERMAN
Case 1205: ITALIAN
Case 1206: FRENCH
Case 1207: ITALIAN
Case 1208: ITALIAN
Case 1209: RUSSIAN
Case 1210: RUSSIAN
Case 1211: SPANISH
Case 1212: GERMAN
Case 1213: FRENCH
Case 1214: ITALIAN
Case 1215: RUSSIAN
Case 1216: RUSSIAN
Case 1217: ITALIAN
Case 1218: GERMAN
Case 1219: ITALIAN
Case 1220: ENGLISH
Case 1221: GERMAN
Case 1222: ITALIAN
Case 1223: FRENCH
Case 1224: GERMAN
Case 1225: FRENCH
Case 1226: GERMAN
Case 1227: RUSSIAN
Case 1228: ITALIAN
Case 1229: GERMAN
Case 1230: ITALIAN
Case 1231: ITALIAN
Case 1232: ITALIAN
Case 1233: RUSSIAN
Case 1234: ITALIAN
Case 1235: ITALIAN
Case 1236: SPANISH
Case 1237: ENGLISH
Case 1238: UNKNOWN
Case 1239: UNKNOWN
Case 1240: SPANISH
Case 1241: FRENCH
Case 1242: FRENCH
Case 1243: ITALIAN
Case 1244: FRENCH
Case 1245: FRENCH
Case 1246: ENGLISH
Case 1247: GERMAN
Case 1248: UNKNOWN
Case 1249: UNKNOWN
Case 1250: SPANISH
Case 1251: GERMAN
Case 1252: SPANISH
Case 1253: ENGLISH
Case 1254: SPANISH
Case 1255: GERMAN
Case 1256: FRENCH
Case 1257: SPANISH
Case 1258: SPANISH
Case 1259: ENGLISH
Case 1260: RUSSIAN
Case 1261: FRENCH
Case 1262: SPANISH
Case 1263: RUSSIAN
Case 1264: ITALIAN
Case 1265: RUSSIAN
Case 1266: ENGLISH
Case 1267: UNKNOWN
Case 1268: SPANISH
Case 1269: FRENCH
Case 1270: GERMAN
Case 1271: FRENCH
Case 1272: SPANISH
Case 1273: RUSSIAN
Case 1274: ITALIAN
Case 1275: ENGLISH
Case 1276: UNKNOWN
Case 1277: ENGLISH
Case 1278: ENGLISH
Case 1279: ENGLISH
Case 1280: UNKNOWN
Case 1281: RUSSIAN
Case 1282: ITALIAN
Case 1283: UNKNOWN
Case 1284: UNKNOWN
Case 1285: UNKNOWN
Case 1286: UNKNOWN
Case 1287: ITALIAN
Case 1288: GERMAN
Case 1289: UNKNOWN
Case 1290: RUSSIAN
Case 1291: GERMAN
Case 1292: RUSSIAN
Case 1293: RUSSIAN
Case 1294: FRENCH
Case 1295: UNKNOWN
Case 1296: RUSSIAN
Case 1297: FRENCH
Case 1298: ITALIAN
Case 1299: UNKNOWN
Case 1300: ITALIAN
Case 1301: UNKNOWN
Case 1302: UNKNOWN
Case 1303: SPANISH
Case 1304: ENGLISH
Case 1305: RUSSIAN
Case 1306: UNKNOWN
Case 1307: GERMAN
Case 1308: RUSSIAN
Case 1309: FRENCH
Case 1310: GERMAN
Case 1311: GERMAN
Case 1312: GERMAN
Case 1313: ENGLISH
Case 1314: ITALIAN
Case 1315: UNKNOWN
Case 1316: SPANISH
Case 1317: ITALIAN
Case 1318: ENGLISH
Case 1319: GERMAN
Case 1320: ENGLISH
Case 1321: ENGLISH
Case 1322: UNKNOWN
Case 1323: FRENCH
Case 1324: RUSSIAN
Case 1325: RUSSIAN
Case 1326: UNKNOWN
Case 1327: UNKNOWN
Case 1328: GERMAN
Case 1329: GERMAN
Case 1330: SPANISH
Case 1331: UNKNOWN
Case 1332: SPANISH
Case 1333: ITALIAN
Case 1334: UNKNOWN
Case 1335: FRENCH
Case 1336: RUSSIAN
Case 1337: UNKNOWN
Case 1338: UNKNOWN
Case 1339: ITALIAN
Case 1340: ENGLISH
Case 1341: FRENCH
Case 1342: FRENCH
Case 1343: ENGLISH
Case 1344: ENGLISH
Case 1345: ITALIAN
Case 1346: GERMAN
Case 1347: FRENCH
Case 1348: SPANISH
Case 1349: SPANISH
Case 1350: ITALIAN
Case 1351: GERMAN
Case 1352: RUSSIAN
Case 1353: FRENCH
Case 1354: RUSSIAN
Case 1355: GERMAN
Case 1356: FRENCH
Case 1357: ITALIAN
Case 1358: GERMAN
Case 1359: UNKNOWN
Case 1360: FRENCH
Case 1361: UNKNOWN
Case 1362: ITALIAN
Case 1363: ITALIAN
Case 1364: RUSSIAN
Case 1365: ENGLISH
Case 1366: ENGLISH
Case 1367: GERMAN
Case 1368: GERMAN
Case 1369: FRENCH
Case 1370: SPANISH
Case 1371: RUSSIAN
Case 1372: SPANISH
Case 1373: RUSSIAN
Case 1374: ITALIAN
Case 1375: GERMAN
Case 1376: RUSSIAN
Case 1377: UNKNOWN
Case 1378: GERMAN
Case 1379: ENGLISH
Case 1380: FRENCH
Case 1381: ITALIAN
Case 1382: RUSSIAN
Case 1383: ITALIAN
Case 1384: RUSSIAN
Case 1385: RUSSIAN
Case 1386: RUSSIAN
Case 1387: UNKNOWN
Case 1388: GERMAN
Case 1389: RUSSIAN
Case 1390: UNKNOWN
Case 1391: SPANISH
Case 1392: SPANISH
Case 1393: SPANISH
Case 1394: ITALIAN
Case 1395: SPANISH
Case 1396: FRENCH
Case 1397: RUSSIAN
Case 1398: SPANISH
Case 1399: ITALIAN
Case 1400: UNKNOWN
Case 1401: ITALIAN
Case 1402: ENGLISH
Case 1403: GERMAN
Case 1404: ENGLISH
Case 1405: GERMAN
Case 1406: SPANISH
Case 1407: ENGLISH
Case 1408: ITALIAN
Case 1409: GERMAN
Case 1410: ITALIAN
Case 1411: RUSSIAN
Case 1412: ENGLISH
Case 1413: FRENCH
Case 1414: RUSSIAN
Case 1415: GERMAN
Case 1416: ITALIAN
Case 1417: ITALIAN
Case 1418: ENGLISH
Case 1419: UNKNOWN
Case 1420: ENGLISH
Case 1421: GERMAN
Case 1422: RUSSIAN
Case 1423: SPANISH
Case 1424: UNKNOWN
Case 1425: ITALIAN
Case 1426: FRENCH
Case 1427: ITALIAN
Case 1428: SPANISH
Case 1429: ENGLISH
Case 1430: ENGLISH
Case 1431: RUSSIAN
Case 1432: FRENCH
Case 1433: ENGLISH
Case 1434: RUSSIAN
Case 1435: FRENCH
Case 1436: ENGLISH
Case 1437: SPANISH
Case 1438: ITALIAN
Case 1439: ITALIAN
Case 1440: UNKNOWN
Case 1441: FRENCH
Case 1442: GERMAN
Case 1443: ITALIAN
Case 1444: SPANISH
Case 1445: SPANISH
Case 1446: RUSSIAN
Case 1447: GERMAN
Case 1448: UNKNOWN
Case 1449: UNKNOWN
Case 1450: ENGLISH
Case 1451: RUSSIAN
Case 1452: FRENCH
Case 1453: ITALIAN
Case 1454: RUSSIAN
Case 1455: RUSSIAN
Case 1456: GERMAN
Case 1457: UNKNOWN
Case 1458: GERMAN
Case 1459: SPANISH
Case 1460: FRENCH
Case 1461: SPANISH
Case 1462: GERMAN
Case 1463: GERMAN
Case 1464: FRENCH
Case 1465: GERMAN
Case 1466: ITALIAN
Case 1467: FRENCH
Case 1468: ENGLISH
Case 1469: GERMAN
Case 1470: ENGLISH
Case 1471: ITALIAN
Case 1472: RUSSIAN
Case 1473: GERMAN
Case 1474: GERMAN
Case 1475: FRENCH
Case 1476: ITALIAN
Case 1477: UNKNOWN
Case 1478: RUSSIAN
Case 1479: ENGLISH
Case 1480: RUSSIAN
Case 1481: SPANISH
Case 1482: UNKNOWN
Case 1483: FRENCH
Case 1484: FRENCH
Case 1485: GERMAN
Case 1486: FRENCH
Case 1487: ENGLISH
Case 1488: ITALIAN
Case 1489: RUSSIAN
Case 1490: GERMAN
Case 1491: RUSSIAN
Case 1492: UNKNOWN
Case 1493: ITALIAN
Case 1494: SPANISH
Case 1495: ENGLISH
Case 1496: ITALIAN
Case 1497: UNKNOWN
Case 1498: GERMAN
Case 1499: FRENCH
Case 1500: SPANISH
Case 1501: GERMAN
Case 1502: UNKNOWN
Case 1503: GERMAN
Case 1504: UNKNOWN
Case 1505: ENGLISH
Case 1506: ENGLISH
Case 1507: GERMAN
Case 1508: RUSSIAN
Case 1509: SPANISH
Case 1510: SPANISH
