Build started 31-Jan-15 7:40:35 PM.
     1>Project "L:\Projects\MD5\md5.vcxproj" on node 2 (build target(s)).
     1>InitializeBuildStatus:
         Creating "Debug\md5.unsuccessfulbuild" because "AlwaysCreate" was specified.
       ClCompile:
         F:\Program Files (x86)\Microsoft Visual Studio 10.0\VC\bin\CL.exe /c /ZI /nologo /W3 /WX- /Od /Oy- /D WIN32 /D _DEBUG /D _CONSOLE /D _UNICODE /D UNICODE /Gm /EHsc /RTC1 /MDd /GS /fp:precise /Zc:wchar_t /Zc:forScope /Fo"Debug\\" /Fd"Debug\vc100.pdb" /Gd /TP /analyze- /errorReport:prompt ..\mystuff\Md5.cpp main.cpp
         Md5.cpp
         Generating Code...
         Compiling...
         main.cpp
         Generating Code...
       ManifestResourceCompile:
         All outputs are up-to-date.
       Link:
         F:\Program Files (x86)\Microsoft Visual Studio 10.0\VC\bin\link.exe /ERRORREPORT:PROMPT /OUT:"L:\Projects\MD5\Debug\md5.exe" /INCREMENTAL /NOLOGO kernel32.lib user32.lib gdi32.lib winspool.lib comdlg32.lib advapi32.lib shell32.lib ole32.lib oleaut32.lib uuid.lib odbc32.lib odbccp32.lib /MANIFEST /ManifestFile:"Debug\md5.exe.intermediate.manifest" /MANIFESTUAC:"level='asInvoker' uiAccess='false'" /DEBUG /PDB:"L:\Projects\MD5\Debug\md5.pdb" /SUBSYSTEM:CONSOLE /TLBID:1 /DYNAMICBASE /NXCOMPAT /IMPLIB:"L:\Projects\MD5\Debug\md5.lib" /MACHINE:X86 Debug\md5.exe.embed.manifest.res
         Debug\dates.obj
         Debug\filesystems.obj
         Debug\Md5.obj
         Debug\main.obj
       Manifest:
         C:\Program Files (x86)\Microsoft SDKs\Windows\v7.0A\bin\mt.exe /nologo /verbose /out:"Debug\md5.exe.embed.manifest" /manifest Debug\md5.exe.intermediate.manifest
         All outputs are up-to-date.
       LinkEmbedManifest:
         All outputs are up-to-date.
         md5.vcxproj -> L:\Projects\MD5\Debug\md5.exe
       FinalizeBuildStatus:
         Deleting file "Debug\md5.unsuccessfulbuild".
         Touching "Debug\md5.lastbuildstate".
     1>Done Building Project "L:\Projects\MD5\md5.vcxproj" (build target(s)).

Build succeeded.

Time Elapsed 00:00:02.36
