c:\projects\damagemeter\debug\vc140.pdb
c:\projects\damagemeter\debug\vc140.idb
c:\projects\damagemeter\debug\actors.obj
c:\projects\damagemeter\debug\events.obj
c:\projects\damagemeter\debug\main.obj
c:\projects\damagemeter\debug\tokenizer.obj
c:\projects\damagemeter\debug\utils.obj
c:\projects\damagemeter\debug\events.obj.enc
c:\projects\damagemeter\debug\main.obj.enc
c:\projects\damagemeter\debug\utils.obj.enc
c:\projects\damagemeter\debug\damagemeter.pdb
c:\projects\damagemeter\debug\damagemeter.tlog\cl.command.1.tlog
c:\projects\damagemeter\debug\damagemeter.tlog\cl.read.1.tlog
c:\projects\damagemeter\debug\damagemeter.tlog\cl.write.1.tlog
c:\projects\damagemeter\debug\damagemeter.tlog\link.5980-cvtres.read.1.tlog
c:\projects\damagemeter\debug\damagemeter.tlog\link.5980-cvtres.write.1.tlog
c:\projects\damagemeter\debug\damagemeter.tlog\link.5980-rc.read.1.tlog
c:\projects\damagemeter\debug\damagemeter.tlog\link.5980-rc.write.1.tlog
c:\projects\damagemeter\debug\damagemeter.tlog\link.5980.read.1.tlog
c:\projects\damagemeter\debug\damagemeter.tlog\link.5980.write.1.tlog
c:\projects\damagemeter\debug\damagemeter.tlog\link.command.1.tlog
c:\projects\damagemeter\debug\damagemeter.tlog\link.read.1.tlog
c:\projects\damagemeter\debug\damagemeter.tlog\link.write.1.tlog
